<?xml version="1.0" encoding="UTF-8"?>
<!-- Generated by org.testng.reporters.JUnitReportReporter -->
<testsuite skipped="0" hostname="Snehal" name="com.maven.MavenDemo" tests="1" failures="0" timestamp="04 Jul 2021 10:54:55 GMT" time="0.010" errors="0">
  <testcase name="m1" time="0.010" classname="com.maven.MavenDemo"/>
</testsuite> <!-- com.maven.MavenDemo -->
